Added Component: Designator=16Mhz(R38)
Added Component: Designator=ADC1(HDR1X3)
Added Component: Designator=ADC2(HDR1X3)
Added Component: Designator=ADC3(HDR1X3)
Added Component: Designator=ADC4(HDR1X3)
Added Component: Designator=ADC5(HDR1X3)
Added Component: Designator=ADC6(HDR1X3)
Added Component: Designator=ADC7(HDR1X3)
Added Component: Designator=C1(C1210)
Added Component: Designator=C2(C1210)
Added Component: Designator=C3(C1210)
Added Component: Designator=C4(C1210)
Added Component: Designator=C4(C1210)
Added Component: Designator=C5(C1210)
Added Component: Designator=R1(J1-0603)
Added Component: Designator=R2(J1-0603)
Added Component: Designator=R3(J1-0603)
Added Component: Designator=R4(J1-0603)
Added Component: Designator=R5(J1-0603)
Added Component: Designator=R6(J1-0603)
Added Component: Designator=R7(J1-0603)
Added Component: Designator=R8(J1-0603)
Added Component: Designator=R9(J1-0603)
Added Component: Designator=R9(J1-0603)
Added Component: Designator=S?(SO8_L)
Added Component: Designator=U?(64A_N)
Added Pin To Net: NetName=AD0 Pin=ADC1-1
Added Pin To Net: NetName=AD0 Pin=R1-2
Added Net: Name=AD0
Added Pin To Net: NetName=AD1 Pin=ADC2-1
Added Pin To Net: NetName=AD1 Pin=R2-2
Added Net: Name=AD1
Added Pin To Net: NetName=AD2 Pin=ADC3-1
Added Pin To Net: NetName=AD2 Pin=R3-2
Added Net: Name=AD2
Added Pin To Net: NetName=AD3 Pin=ADC4-1
Added Pin To Net: NetName=AD3 Pin=R4-2
Added Net: Name=AD3
Added Pin To Net: NetName=AD4 Pin=ADC5-1
Added Pin To Net: NetName=AD4 Pin=R5-2
Added Net: Name=AD4
Added Pin To Net: NetName=AD5 Pin=ADC6-1
Added Pin To Net: NetName=AD5 Pin=R6-2
Added Net: Name=AD5
Added Pin To Net: NetName=AD6 Pin=ADC7-1
Added Pin To Net: NetName=AD6 Pin=R7-2
Added Net: Name=AD6
Added Pin To Net: NetName=GND Pin=ADC1-3
Added Pin To Net: NetName=GND Pin=ADC2-3
Added Pin To Net: NetName=GND Pin=ADC3-3
Added Pin To Net: NetName=GND Pin=ADC4-3
Added Pin To Net: NetName=GND Pin=ADC5-3
Added Pin To Net: NetName=GND Pin=ADC6-3
Added Pin To Net: NetName=GND Pin=ADC7-3
Added Pin To Net: NetName=GND Pin=C1-1
Added Pin To Net: NetName=GND Pin=C2-1
Added Pin To Net: NetName=GND Pin=C3-1
Added Pin To Net: NetName=GND Pin=C4-2
Added Pin To Net: NetName=GND Pin=C4-2
Added Pin To Net: NetName=GND Pin=C5-2
Added Pin To Net: NetName=GND Pin=S?-1
Added Pin To Net: NetName=GND Pin=S?-2
Added Pin To Net: NetName=GND Pin=S?-3
Added Pin To Net: NetName=GND Pin=S?-4
Added Pin To Net: NetName=GND Pin=U?-22
Added Pin To Net: NetName=GND Pin=U?-53
Added Pin To Net: NetName=GND Pin=U?-63
Added Net: Name=GND
Added Pin To Net: NetName=Net16Mhz_1 Pin=16Mhz-1
Added Pin To Net: NetName=Net16Mhz_1 Pin=C5-1
Added Pin To Net: NetName=Net16Mhz_1 Pin=U?-24
Added Net: Name=Net16Mhz_1
Added Pin To Net: NetName=Net16Mhz_2 Pin=16Mhz-2
Added Pin To Net: NetName=Net16Mhz_2 Pin=C4-1
Added Pin To Net: NetName=Net16Mhz_2 Pin=U?-23
Added Net: Name=Net16Mhz_2
Added Pin To Net: NetName=NetC1_2 Pin=C1-2
Added Pin To Net: NetName=NetC1_2 Pin=R9-1
Added Pin To Net: NetName=NetC1_2 Pin=U?-62
Added Net: Name=NetC1_2
Added Pin To Net: NetName=NetC3_2 Pin=C3-2
Added Pin To Net: NetName=NetC3_2 Pin=R8-2
Added Pin To Net: NetName=NetC3_2 Pin=R9-2
Added Net: Name=NetC3_2
Added Pin To Net: NetName=NetC4_1 Pin=C4-1
Added Pin To Net: NetName=NetC4_1 Pin=U?-20
Added Net: Name=NetC4_1
Added Pin To Net: NetName=NetR1_1 Pin=R1-1
Added Pin To Net: NetName=NetR1_1 Pin=U?-61
Added Net: Name=NetR1_1
Added Pin To Net: NetName=NetR2_1 Pin=R2-1
Added Pin To Net: NetName=NetR2_1 Pin=U?-60
Added Net: Name=NetR2_1
Added Pin To Net: NetName=NetR3_1 Pin=R3-1
Added Pin To Net: NetName=NetR3_1 Pin=U?-59
Added Net: Name=NetR3_1
Added Pin To Net: NetName=NetR4_1 Pin=R4-1
Added Pin To Net: NetName=NetR4_1 Pin=U?-58
Added Net: Name=NetR4_1
Added Pin To Net: NetName=NetR5_1 Pin=R5-1
Added Pin To Net: NetName=NetR5_1 Pin=U?-57
Added Net: Name=NetR5_1
Added Pin To Net: NetName=NetR6_1 Pin=R6-1
Added Pin To Net: NetName=NetR6_1 Pin=U?-56
Added Net: Name=NetR6_1
Added Pin To Net: NetName=NetR7_1 Pin=R7-1
Added Pin To Net: NetName=NetR7_1 Pin=U?-55
Added Net: Name=NetR7_1
Added Pin To Net: NetName=NetR8_1 Pin=R8-1
Added Pin To Net: NetName=NetR8_1 Pin=U?-54
Added Net: Name=NetR8_1
Added Pin To Net: NetName=NetS?_5 Pin=S?-5
Added Pin To Net: NetName=NetS?_5 Pin=U?-18
Added Net: Name=NetS?_5
Added Pin To Net: NetName=NetS?_6 Pin=S?-6
Added Pin To Net: NetName=NetS?_6 Pin=U?-43
Added Net: Name=NetS?_6
Added Pin To Net: NetName=NetS?_7 Pin=S?-7
Added Pin To Net: NetName=NetS?_7 Pin=U?-34
Added Net: Name=NetS?_7
Added Pin To Net: NetName=NetS?_8 Pin=S?-8
Added Pin To Net: NetName=NetS?_8 Pin=U?-33
Added Net: Name=NetS?_8
Added Pin To Net: NetName=VCC Pin=ADC1-2
Added Pin To Net: NetName=VCC Pin=ADC2-2
Added Pin To Net: NetName=VCC Pin=ADC3-2
Added Pin To Net: NetName=VCC Pin=ADC4-2
Added Pin To Net: NetName=VCC Pin=ADC5-2
Added Pin To Net: NetName=VCC Pin=ADC6-2
Added Pin To Net: NetName=VCC Pin=ADC7-2
Added Pin To Net: NetName=VCC Pin=C2-2
Added Pin To Net: NetName=VCC Pin=R9-1
Added Pin To Net: NetName=VCC Pin=R9-2
Added Pin To Net: NetName=VCC Pin=U?-21
Added Pin To Net: NetName=VCC Pin=U?-52
Added Pin To Net: NetName=VCC Pin=U?-64
Added Net: Name=VCC
Added Class: Name=edu
Added Room: Name=edu
