Removed Pin From Net: NetName=GND Pin=S?-1
Removed Member From Class: ClassName=edu Member=16Mhz
Change Component Designator: OldDesignator=C4 NewDesignator=C5
Change Component Designator: OldDesignator=C5 NewDesignator=C6
Change Component Designator: OldDesignator=R9 NewDesignator=R10
Change Component Designator: OldDesignator=U? NewDesignator=IC1
Added Component: Designator=C7(C1210)
Added Component: Designator=C8(C1210)
Added Component: Designator=C9(C1210)
Added Component: Designator=C10(C1210)
Added Component: Designator=C11(C1210)
Added Component: Designator=C12(C1210)
Added Component: Designator=C13(C1210)
Added Component: Designator=C14(C1210)
Added Component: Designator=C15(C1210)
Added Component: Designator=Motor1(HDR1X4H)
Added Component: Designator=Motor2(HDR1X4H)
Added Component: Designator=R11(J1-0603)
Added Component: Designator=R12(J1-0603)
Added Component: Designator=XT1(ECX-3M)
Added Pin To Net: NetName=NetC4_1 Pin=C4-1
Added Pin To Net: NetName=GND Pin=C4-2
Added Pin To Net: NetName=VCC Pin=R9-1
Added Pin To Net: NetName=NetC3_2 Pin=R9-2
Added Pin To Net: NetName=NetC1_2 Pin=R10-1
Change Net Name : Old Net Name=NetR1_1 New Net Name=NetIC1_61
Change Net Name : Old Net Name=NetR2_1 New Net Name=NetIC1_60
Change Net Name : Old Net Name=NetR3_1 New Net Name=NetIC1_59
Change Net Name : Old Net Name=NetR4_1 New Net Name=NetIC1_58
Change Net Name : Old Net Name=NetR5_1 New Net Name=NetIC1_57
Change Net Name : Old Net Name=NetR6_1 New Net Name=NetIC1_56
Change Net Name : Old Net Name=NetR7_1 New Net Name=NetIC1_55
Change Net Name : Old Net Name=NetR8_1 New Net Name=NetIC1_54
Change Net Name : Old Net Name=NetS?_5 New Net Name=NetIC1_18
Change Net Name : Old Net Name=NetS?_6 New Net Name=NetIC1_43
Change Net Name : Old Net Name=NetS?_7 New Net Name=NetIC1_34
Change Net Name : Old Net Name=NetS?_8 New Net Name=NetIC1_33
Added Pin To Net: NetName=DIRM1 Pin=IC1-8
Added Net: Name=DIRM1
Added Pin To Net: NetName=DIRM2 Pin=IC1-9
Added Net: Name=DIRM2
Added Pin To Net: NetName=NetC5_1 Pin=C5-1
Added Pin To Net: NetName=NetC5_1 Pin=IC1-23
Added Pin To Net: NetName=NetC5_1 Pin=XT1-4
Added Net: Name=NetC5_1
Added Pin To Net: NetName=NetC6_1 Pin=C6-1
Added Pin To Net: NetName=NetC6_1 Pin=IC1-24
Added Pin To Net: NetName=NetC6_1 Pin=XT1-1
Added Net: Name=NetC6_1
Added Net: Name=NetC7_1
Added Net: Name=NetC8_1
Added Net: Name=NetC9_1
Added Net: Name=NetC10_2
Added Pin To Net: NetName=NetIC1_1 Pin=IC1-1
Added Net: Name=NetIC1_1
Added Net: Name=NetIC2_1
Added Pin To Net: NetName=NetIC2_2 Pin=Motor1-4
Added Net: Name=NetIC2_2
Added Pin To Net: NetName=NetIC2_4 Pin=Motor1-2
Added Net: Name=NetIC2_4
Added Pin To Net: NetName=NetIC2_5 Pin=Motor1-1
Added Net: Name=NetIC2_5
Added Pin To Net: NetName=NetIC2_7 Pin=Motor1-3
Added Net: Name=NetIC2_7
Added Net: Name=NetIC2_9
Added Net: Name=NetIC2_10
Added Pin To Net: NetName=NetIC3_2 Pin=Motor2-4
Added Net: Name=NetIC3_2
Added Pin To Net: NetName=NetIC3_4 Pin=Motor2-2
Added Net: Name=NetIC3_4
Added Pin To Net: NetName=NetIC3_5 Pin=Motor2-1
Added Net: Name=NetIC3_5
Added Pin To Net: NetName=NetIC3_7 Pin=Motor2-3
Added Net: Name=NetIC3_7
Added Net: Name=NetIC3_9
Added Net: Name=NetIC3_10
Added Pin To Net: NetName=PWM1 Pin=IC1-6
Added Net: Name=PWM1
Added Pin To Net: NetName=PWM2 Pin=IC1-7
Added Net: Name=PWM2
Added Net: Name=VM
Added Member To Class: ClassName=edu Member=Component C6 Cap Semi
Added Member To Class: ClassName=edu Member=Component Motor1 Header 4H
Added Member To Class: ClassName=edu Member=Component Motor2 Header 4H
Added Member To Class: ClassName=edu Member=Component R10 Res3
Added Member To Class: ClassName=edu Member=Component XT1 ECS-240-20-7M
