Added Component: Designator=C7(C1210)
Added Component: Designator=C8(C1210)
Added Component: Designator=C9(C1210)
Added Component: Designator=C10(C1210)
Added Component: Designator=C11(C1210)
Added Component: Designator=C12(C1210)
Added Component: Designator=C13(C1210)
Added Component: Designator=C14(C1210)
Added Component: Designator=C15(C1210)
Added Component: Designator=IC2(HTSSOP-16N)
Added Component: Designator=IC3(HTSSOP-16N)
Added Component: Designator=IC4(SOIC16_N)
Added Component: Designator=R11(J1-0603)
Added Component: Designator=R12(J1-0603)
Added Pin To Net: NetName=NetC7_1 Pin=C7-1
Added Pin To Net: NetName=GND Pin=C7-2
Added Pin To Net: NetName=NetC8_1 Pin=C8-1
Added Pin To Net: NetName=VM Pin=C8-2
Added Pin To Net: NetName=NetC9_1 Pin=C9-1
Added Pin To Net: NetName=GND Pin=C9-2
Added Pin To Net: NetName=VM Pin=C10-1
Added Pin To Net: NetName=NetC10_2 Pin=C10-2
Added Pin To Net: NetName=GND Pin=C11-1
Added Pin To Net: NetName=VCC Pin=C11-2
Added Pin To Net: NetName=GND Pin=C12-1
Added Pin To Net: NetName=VCC Pin=C12-2
Added Pin To Net: NetName=VCC Pin=C13-1
Added Pin To Net: NetName=GND Pin=C13-2
Added Pin To Net: NetName=VM Pin=C14-1
Added Pin To Net: NetName=GND Pin=C14-2
Added Pin To Net: NetName=VM Pin=C15-1
Added Pin To Net: NetName=GND Pin=C15-2
Added Pin To Net: NetName=NetIC2_1 Pin=IC2-1
Added Pin To Net: NetName=NetIC2_2 Pin=IC2-2
Added Pin To Net: NetName=GND Pin=IC2-3
Added Pin To Net: NetName=NetIC2_4 Pin=IC2-4
Added Pin To Net: NetName=NetIC2_5 Pin=IC2-5
Added Pin To Net: NetName=GND Pin=IC2-6
Added Pin To Net: NetName=NetIC2_7 Pin=IC2-7
Added Pin To Net: NetName=NetIC2_9 Pin=IC2-9
Added Pin To Net: NetName=NetIC2_10 Pin=IC2-10
Added Pin To Net: NetName=NetC8_1 Pin=IC2-11
Added Pin To Net: NetName=VM Pin=IC2-12
Added Pin To Net: NetName=GND Pin=IC2-13
Added Pin To Net: NetName=NetC7_1 Pin=IC2-14
Added Pin To Net: NetName=NetIC2_10 Pin=IC2-15
Added Pin To Net: NetName=NetIC2_9 Pin=IC2-16
Added Pin To Net: NetName=NetIC2_1 Pin=IC3-1
Added Pin To Net: NetName=NetIC3_2 Pin=IC3-2
Added Pin To Net: NetName=GND Pin=IC3-3
Added Pin To Net: NetName=NetIC3_4 Pin=IC3-4
Added Pin To Net: NetName=NetIC3_5 Pin=IC3-5
Added Pin To Net: NetName=GND Pin=IC3-6
Added Pin To Net: NetName=NetIC3_7 Pin=IC3-7
Added Pin To Net: NetName=NetIC3_9 Pin=IC3-9
Added Pin To Net: NetName=NetIC3_10 Pin=IC3-10
Added Pin To Net: NetName=NetC10_2 Pin=IC3-11
Added Pin To Net: NetName=VM Pin=IC3-12
Added Pin To Net: NetName=GND Pin=IC3-13
Added Pin To Net: NetName=NetC9_1 Pin=IC3-14
Added Pin To Net: NetName=NetIC3_10 Pin=IC3-15
Added Pin To Net: NetName=NetIC3_9 Pin=IC3-16
Added Pin To Net: NetName=PWM1 Pin=IC4-1
Added Pin To Net: NetName=DIRM1 Pin=IC4-2
Added Pin To Net: NetName=GND Pin=IC4-3
Added Pin To Net: NetName=NetIC2_9 Pin=IC4-4
Added Pin To Net: NetName=NetIC2_10 Pin=IC4-5
Added Pin To Net: NetName=GND Pin=IC4-8
Added Pin To Net: NetName=NetIC3_9 Pin=IC4-11
Added Pin To Net: NetName=DIRM2 Pin=IC4-12
Added Pin To Net: NetName=NetIC3_10 Pin=IC4-12
Added Pin To Net: NetName=GND Pin=IC4-13
Added Pin To Net: NetName=PWM2 Pin=IC4-14
Added Pin To Net: NetName=VCC Pin=IC4-15
Added Pin To Net: NetName=NetIC1_1 Pin=R11-1
Added Pin To Net: NetName=VCC Pin=R11-2
Added Pin To Net: NetName=GND Pin=R12-1
Added Pin To Net: NetName=NetC3_2 Pin=R12-2
Added Member To Class: ClassName=edu Member=Component C4 Cap Semi
Added Member To Class: ClassName=edu Member=Component C7 Cap Semi
Added Member To Class: ClassName=edu Member=Component C8 Cap Semi
Added Member To Class: ClassName=edu Member=Component C9 Cap Semi
Added Member To Class: ClassName=edu Member=Component C10 Cap Semi
Added Member To Class: ClassName=edu Member=Component C11 Cap Semi
Added Member To Class: ClassName=edu Member=Component C12 Cap Semi
Added Member To Class: ClassName=edu Member=Component C13 Cap Semi
Added Member To Class: ClassName=edu Member=Component C14 Cap Semi
Added Member To Class: ClassName=edu Member=Component C15 Cap Semi
Added Member To Class: ClassName=edu Member=Component IC2 drv8833
Added Member To Class: ClassName=edu Member=Component IC3 drv8833
Added Member To Class: ClassName=edu Member=Component IC4 74HC139
Added Member To Class: ClassName=edu Member=Component R9 Res3
Added Member To Class: ClassName=edu Member=Component R11 Res3
Added Member To Class: ClassName=edu Member=Component R12 Res3
